<?xml version="1.0" encoding="UTF-8"?>
<!-- Generated by org.testng.reporters.JUnitReportReporter -->
<testsuite hostname="Anand" failures="0" tests="2" name="cucumber.TestNGTestRunner" time="41.521" errors="0" timestamp="2025-07-04T20:39:08 IST" skipped="0">
  <testcase classname="cucumber.TestNGTestRunner" name="runScenario" time="20.292"/>
  <testcase classname="cucumber.TestNGTestRunner" name="runScenario" time="21.229"/>
</testsuite> <!-- cucumber.TestNGTestRunner -->
